[0.026s] Invoking command in '/home/autodrive_devkit/ros2_ws/src/autodrive_iros_2024/build/autodrive_iros_2024': CMAKE_PREFIX_PATH=/home/autodrive_devkit/ros2_ws/install/autodrive_f1tenth:/opt/ros/foxy /usr/bin/cmake /home/autodrive_devkit/ros2_ws/src/autodrive_iros_2024 -DCMAKE_INSTALL_PREFIX=/home/autodrive_devkit/ros2_ws/src/autodrive_iros_2024/install/autodrive_iros_2024
[0.119s] -- The C compiler identification is GNU 9.4.0
[0.212s] -- The CXX compiler identification is GNU 9.4.0
[0.224s] -- Check for working C compiler: /usr/bin/cc
[0.368s] -- Check for working C compiler: /usr/bin/cc -- works
[0.370s] -- Detecting C compiler ABI info
[0.509s] -- Detecting C compiler ABI info - done
[0.531s] -- Detecting C compile features
[0.532s] -- Detecting C compile features - done
[0.536s] -- Check for working CXX compiler: /usr/bin/c++
[0.690s] -- Check for working CXX compiler: /usr/bin/c++ -- works
[0.691s] -- Detecting CXX compiler ABI info
[0.849s] -- Detecting CXX compiler ABI info - done
[0.868s] -- Detecting CXX compile features
[0.868s] -- Detecting CXX compile features - done
[0.872s] -- Found ament_cmake: 0.9.12 (/opt/ros/foxy/share/ament_cmake/cmake)
[0.903s] -- Found PythonInterp: /usr/bin/python3 (found suitable version "3.8.10", minimum required is "3") 
[0.903s] -- Using PYTHON_EXECUTABLE: /usr/bin/python3
[1.131s] -- Found rclcpp: 2.4.3 (/opt/ros/foxy/share/rclcpp/cmake)
[1.200s] -- Using all available rosidl_typesupport_c: rosidl_typesupport_fastrtps_c;rosidl_typesupport_introspection_c
[1.208s] -- Found rosidl_adapter: 1.3.1 (/opt/ros/foxy/share/rosidl_adapter/cmake)
[1.352s] -- Found OpenSSL: /usr/lib/x86_64-linux-gnu/libcrypto.so (found version "1.1.1f")  
[1.405s] -- Found FastRTPS: /opt/ros/foxy/include  
[1.557s] -- Using all available rosidl_typesupport_cpp: rosidl_typesupport_fastrtps_cpp;rosidl_typesupport_introspection_cpp
[1.665s] -- Found rmw_implementation_cmake: 1.0.4 (/opt/ros/foxy/share/rmw_implementation_cmake/cmake)
[1.668s] -- Using RMW implementation 'rmw_fastrtps_cpp' as default
[1.670s] -- Looking for pthread.h
[1.820s] -- Looking for pthread.h - found
[1.820s] -- Performing Test CMAKE_HAVE_LIBC_PTHREAD
[1.944s] -- Performing Test CMAKE_HAVE_LIBC_PTHREAD - Failed
[1.945s] -- Looking for pthread_create in pthreads
[2.036s] -- Looking for pthread_create in pthreads - not found
[2.036s] -- Looking for pthread_create in pthread
[2.157s] -- Looking for pthread_create in pthread - found
[2.159s] -- Found Threads: TRUE  
[2.340s] -- Found sensor_msgs: 2.0.5 (/opt/ros/foxy/share/sensor_msgs/cmake)
[2.490s] CMake Error at CMakeLists.txt:26 (find_package):
[2.490s]   By not providing "Findslam_toolbox.cmake" in CMAKE_MODULE_PATH this project
[2.490s]   has asked CMake to find a package configuration file provided by
[2.490s]   "slam_toolbox", but CMake did not find one.
[2.490s] 
[2.490s]   Could not find a package configuration file provided by "slam_toolbox" with
[2.490s]   any of the following names:
[2.490s] 
[2.490s]     slam_toolboxConfig.cmake
[2.490s]     slam_toolbox-config.cmake
[2.490s] 
[2.490s]   Add the installation prefix of "slam_toolbox" to CMAKE_PREFIX_PATH or set
[2.490s]   "slam_toolbox_DIR" to a directory containing one of the above files.  If
[2.491s]   "slam_toolbox" provides a separate development package or SDK, be sure it
[2.491s]   has been installed.
[2.491s] 
[2.491s] 
[2.491s] -- Configuring incomplete, errors occurred!
[2.491s] See also "/home/autodrive_devkit/ros2_ws/src/autodrive_iros_2024/build/autodrive_iros_2024/CMakeFiles/CMakeOutput.log".
[2.492s] See also "/home/autodrive_devkit/ros2_ws/src/autodrive_iros_2024/build/autodrive_iros_2024/CMakeFiles/CMakeError.log".
[2.500s] Invoked command in '/home/autodrive_devkit/ros2_ws/src/autodrive_iros_2024/build/autodrive_iros_2024' returned '1': CMAKE_PREFIX_PATH=/home/autodrive_devkit/ros2_ws/install/autodrive_f1tenth:/opt/ros/foxy /usr/bin/cmake /home/autodrive_devkit/ros2_ws/src/autodrive_iros_2024 -DCMAKE_INSTALL_PREFIX=/home/autodrive_devkit/ros2_ws/src/autodrive_iros_2024/install/autodrive_iros_2024
