[0.025s] Invoking command in '/home/autodrive_devkit/ros2_ws/src/autodrive_iros_2024/build/autodrive_iros_2024': CMAKE_PREFIX_PATH=/home/autodrive_devkit/ros2_ws/install/autodrive_f1tenth:/opt/ros/foxy /usr/bin/cmake /home/autodrive_devkit/ros2_ws/src/autodrive_iros_2024 -DCMAKE_INSTALL_PREFIX=/home/autodrive_devkit/ros2_ws/src/autodrive_iros_2024/install/autodrive_iros_2024
[0.044s] -- Found ament_cmake: 0.9.12 (/opt/ros/foxy/share/ament_cmake/cmake)
[0.080s] -- Using PYTHON_EXECUTABLE: /usr/bin/python3
[0.256s] -- Found rclcpp: 2.4.3 (/opt/ros/foxy/share/rclcpp/cmake)
[0.293s] -- Using all available rosidl_typesupport_c: rosidl_typesupport_fastrtps_c;rosidl_typesupport_introspection_c
[0.295s] -- Found rosidl_adapter: 1.3.1 (/opt/ros/foxy/share/rosidl_adapter/cmake)
[0.432s] -- Using all available rosidl_typesupport_cpp: rosidl_typesupport_fastrtps_cpp;rosidl_typesupport_introspection_cpp
[0.492s] -- Found rmw_implementation_cmake: 1.0.4 (/opt/ros/foxy/share/rmw_implementation_cmake/cmake)
[0.493s] -- Using RMW implementation 'rmw_fastrtps_cpp' as default
[0.610s] -- Found sensor_msgs: 2.0.5 (/opt/ros/foxy/share/sensor_msgs/cmake)
[0.698s] -- Found slam_toolbox: 2.4.1 (/opt/ros/foxy/share/slam_toolbox/cmake)
[1.369s] -- Found eigen3_cmake_module: 0.1.1 (/opt/ros/foxy/share/eigen3_cmake_module/cmake)
[1.373s] -- Found Eigen3: TRUE (found version "3.3.7") 
[1.479s] -- Setting OGRE_DIR to: '/opt/ros/foxy/share/rviz_ogre_vendor/cmake/../../../opt/rviz_ogre_vendor/lib/OGRE/cmake'
[1.481s] -- Found OGRE
[1.482s] --   static     : OFF
[1.482s] --   components : HLMS;MeshLodGenerator;Overlay;Paging;Property;RTShaderSystem;Terrain;Volume
[1.482s] --   plugins    : Plugin_BSPSceneManager;Plugin_OctreeSceneManager;Plugin_PCZSceneManager;Plugin_ParticleFX;RenderSystem_GL;RenderSystem_GL3Plus;Codec_STBI
[1.482s] --   media      : /opt/ros/foxy/opt/rviz_ogre_vendor/share/OGRE/Media
[1.482s] -- OGRE_LIBRARIES: OgreHLMS;OgreMeshLodGenerator;OgreOverlay;OgrePaging;OgreProperty;OgreRTShaderSystem;OgreTerrain;OgreVolume;OgreMain
[1.482s] -- OGRE_LIBRARY_DIRS: /opt/ros/foxy/opt/rviz_ogre_vendor/lib
[1.482s] -- OGRE_PLUGINS: Plugin_BSPSceneManager;Plugin_OctreeSceneManager;Plugin_PCZSceneManager;Plugin_ParticleFX;RenderSystem_GL;RenderSystem_GL3Plus;Codec_STBI
[1.482s] -- OGRE_PLUGIN_DIR: /opt/ros/foxy/opt/rviz_ogre_vendor/lib/OGRE
[1.482s] -- rviz_ogre_vendor::OgreOverlay for IMPORTED_LOCATION_RELEASE: /opt/ros/foxy/opt/rviz_ogre_vendor/lib/libOgreOverlay.so
[1.482s] -- rviz_ogre_vendor::OgreOverlay for IMPORTED_LOCATION_DEBUG: /opt/ros/foxy/opt/rviz_ogre_vendor/lib/libOgreOverlay.so
[1.482s] -- rviz_ogre_vendor::OgreMain for IMPORTED_LOCATION_RELEASE: /opt/ros/foxy/opt/rviz_ogre_vendor/lib/libOgreMain.so
[1.482s] -- rviz_ogre_vendor::OgreMain for IMPORTED_LOCATION_DEBUG: /opt/ros/foxy/opt/rviz_ogre_vendor/lib/libOgreMain.so
[1.483s] -- Could not find freeimage library
[1.497s] -- Found ZLIB: /usr/lib/x86_64-linux-gnu/libz.so (found version "1.2.11") 
[1.501s] -- Found OpenGL: /usr/lib/x86_64-linux-gnu/libOpenGL.so   
[1.618s] -- Found X11: /usr/include   
[1.620s] -- Looking for XOpenDisplay in /usr/lib/x86_64-linux-gnu/libX11.so;/usr/lib/x86_64-linux-gnu/libXext.so
[1.739s] -- Looking for XOpenDisplay in /usr/lib/x86_64-linux-gnu/libX11.so;/usr/lib/x86_64-linux-gnu/libXext.so - found
[1.740s] -- Looking for gethostbyname
[1.803s] -- Looking for gethostbyname - found
[1.804s] -- Looking for connect
[1.871s] -- Looking for connect - found
[1.871s] -- Looking for remove
[1.952s] -- Looking for remove - found
[1.952s] -- Looking for shmat
[2.012s] -- Looking for shmat - found
[2.013s] -- Looking for IceConnectionNumber in ICE
[2.084s] -- Looking for IceConnectionNumber in ICE - found
[2.086s] -- rviz_ogre_vendor::RenderSystem_GL for IMPORTED_LOCATION_RELEASE: _render_system_gl_static_library_abs-NOTFOUND
[2.086s] -- rviz_ogre_vendor::RenderSystem_GL for IMPORTED_LOCATION_DEBUG: _render_system_gl_static_library_abs-NOTFOUND
[2.092s] -- library: libassimp.so.5
[2.236s] -- library: /usr/lib/x86_64-linux-gnu/libcurl.so
[2.305s] -- Setting yaml-cpp_DIR to: '/opt/ros/foxy/share/yaml_cpp_vendor/cmake/../../../opt/yaml_cpp_vendor/lib/cmake/yaml-cpp'
[2.600s] -- Found ament_lint_auto: 0.9.8 (/opt/ros/foxy/share/ament_lint_auto/cmake)
[2.666s] -- Added test 'copyright' to check source files copyright and LICENSE
[2.674s] -- Added test 'cppcheck' to perform static code analysis on C / C++ code
[2.674s] -- Configured cppcheck include dirs: $<BUILD_INTERFACE:/home/autodrive_devkit/ros2_ws/src/autodrive_iros_2024/include>
[2.674s] -- Configured cppcheck exclude dirs and/or files: 
[2.686s] -- Added test 'cpplint' to check C / C++ code against the Google style
[2.686s] -- Configured cpplint exclude dirs and/or files: 
[2.690s] -- Added test 'flake8' to check Python code syntax and style conventions
[2.694s] -- Added test 'lint_cmake' to check CMake code style
[2.695s] -- Added test 'pep257' to check Python code against some of the style conventions in PEP 257
[2.703s] -- Added test 'uncrustify' to check C / C++ code style
[2.704s] -- Configured uncrustify additional arguments: 
[2.706s] -- Added test 'xmllint' to check XML markup files
[2.710s] -- Configuring done
[2.740s] -- Generating done
[2.742s] -- Build files have been written to: /home/autodrive_devkit/ros2_ws/src/autodrive_iros_2024/build/autodrive_iros_2024
[2.750s] Invoked command in '/home/autodrive_devkit/ros2_ws/src/autodrive_iros_2024/build/autodrive_iros_2024' returned '0': CMAKE_PREFIX_PATH=/home/autodrive_devkit/ros2_ws/install/autodrive_f1tenth:/opt/ros/foxy /usr/bin/cmake /home/autodrive_devkit/ros2_ws/src/autodrive_iros_2024 -DCMAKE_INSTALL_PREFIX=/home/autodrive_devkit/ros2_ws/src/autodrive_iros_2024/install/autodrive_iros_2024
[2.753s] Invoking command in '/home/autodrive_devkit/ros2_ws/src/autodrive_iros_2024/build/autodrive_iros_2024': CMAKE_PREFIX_PATH=/home/autodrive_devkit/ros2_ws/install/autodrive_f1tenth:/opt/ros/foxy /usr/bin/cmake --build /home/autodrive_devkit/ros2_ws/src/autodrive_iros_2024/build/autodrive_iros_2024 -- -j20 -l20
[2.796s] [35m[1mScanning dependencies of target hello[0m
[2.839s] [ 50%] [32mBuilding CXX object CMakeFiles/hello.dir/src/hello.cpp.o[0m
[5.943s] [100%] [32m[1mLinking CXX executable hello[0m
[6.247s] [100%] Built target hello
[6.256s] Invoked command in '/home/autodrive_devkit/ros2_ws/src/autodrive_iros_2024/build/autodrive_iros_2024' returned '0': CMAKE_PREFIX_PATH=/home/autodrive_devkit/ros2_ws/install/autodrive_f1tenth:/opt/ros/foxy /usr/bin/cmake --build /home/autodrive_devkit/ros2_ws/src/autodrive_iros_2024/build/autodrive_iros_2024 -- -j20 -l20
[6.316s] Invoking command in '/home/autodrive_devkit/ros2_ws/src/autodrive_iros_2024/build/autodrive_iros_2024': CMAKE_PREFIX_PATH=/home/autodrive_devkit/ros2_ws/install/autodrive_f1tenth:/opt/ros/foxy /usr/bin/cmake --install /home/autodrive_devkit/ros2_ws/src/autodrive_iros_2024/build/autodrive_iros_2024
[6.334s] -- Install configuration: ""
[6.334s] -- Installing: /home/autodrive_devkit/ros2_ws/src/autodrive_iros_2024/install/autodrive_iros_2024/lib/autodrive_iros_2024/hello
[6.336s] -- Set runtime path of "/home/autodrive_devkit/ros2_ws/src/autodrive_iros_2024/install/autodrive_iros_2024/lib/autodrive_iros_2024/hello" to ""
[6.336s] -- Installing: /home/autodrive_devkit/ros2_ws/src/autodrive_iros_2024/install/autodrive_iros_2024/share/ament_index/resource_index/package_run_dependencies/autodrive_iros_2024
[6.336s] -- Installing: /home/autodrive_devkit/ros2_ws/src/autodrive_iros_2024/install/autodrive_iros_2024/share/ament_index/resource_index/parent_prefix_path/autodrive_iros_2024
[6.336s] -- Installing: /home/autodrive_devkit/ros2_ws/src/autodrive_iros_2024/install/autodrive_iros_2024/share/autodrive_iros_2024/environment/ament_prefix_path.sh
[6.337s] -- Installing: /home/autodrive_devkit/ros2_ws/src/autodrive_iros_2024/install/autodrive_iros_2024/share/autodrive_iros_2024/environment/ament_prefix_path.dsv
[6.337s] -- Installing: /home/autodrive_devkit/ros2_ws/src/autodrive_iros_2024/install/autodrive_iros_2024/share/autodrive_iros_2024/environment/path.sh
[6.337s] -- Installing: /home/autodrive_devkit/ros2_ws/src/autodrive_iros_2024/install/autodrive_iros_2024/share/autodrive_iros_2024/environment/path.dsv
[6.337s] -- Installing: /home/autodrive_devkit/ros2_ws/src/autodrive_iros_2024/install/autodrive_iros_2024/share/autodrive_iros_2024/local_setup.bash
[6.337s] -- Installing: /home/autodrive_devkit/ros2_ws/src/autodrive_iros_2024/install/autodrive_iros_2024/share/autodrive_iros_2024/local_setup.sh
[6.337s] -- Installing: /home/autodrive_devkit/ros2_ws/src/autodrive_iros_2024/install/autodrive_iros_2024/share/autodrive_iros_2024/local_setup.zsh
[6.337s] -- Installing: /home/autodrive_devkit/ros2_ws/src/autodrive_iros_2024/install/autodrive_iros_2024/share/autodrive_iros_2024/local_setup.dsv
[6.337s] -- Installing: /home/autodrive_devkit/ros2_ws/src/autodrive_iros_2024/install/autodrive_iros_2024/share/autodrive_iros_2024/package.dsv
[6.337s] -- Installing: /home/autodrive_devkit/ros2_ws/src/autodrive_iros_2024/install/autodrive_iros_2024/share/ament_index/resource_index/packages/autodrive_iros_2024
[6.338s] -- Installing: /home/autodrive_devkit/ros2_ws/src/autodrive_iros_2024/install/autodrive_iros_2024/share/autodrive_iros_2024/cmake/autodrive_iros_2024Config.cmake
[6.338s] -- Installing: /home/autodrive_devkit/ros2_ws/src/autodrive_iros_2024/install/autodrive_iros_2024/share/autodrive_iros_2024/cmake/autodrive_iros_2024Config-version.cmake
[6.338s] -- Installing: /home/autodrive_devkit/ros2_ws/src/autodrive_iros_2024/install/autodrive_iros_2024/share/autodrive_iros_2024/package.xml
[6.343s] Invoked command in '/home/autodrive_devkit/ros2_ws/src/autodrive_iros_2024/build/autodrive_iros_2024' returned '0': CMAKE_PREFIX_PATH=/home/autodrive_devkit/ros2_ws/install/autodrive_f1tenth:/opt/ros/foxy /usr/bin/cmake --install /home/autodrive_devkit/ros2_ws/src/autodrive_iros_2024/build/autodrive_iros_2024
