-- Found ament_cmake: 0.9.12 (/opt/ros/foxy/share/ament_cmake/cmake)
-- Using PYTHON_EXECUTABLE: /usr/bin/python3
-- Found rclcpp: 2.4.3 (/opt/ros/foxy/share/rclcpp/cmake)
-- Using all available rosidl_typesupport_c: rosidl_typesupport_fastrtps_c;rosidl_typesupport_introspection_c
-- Found rosidl_adapter: 1.3.1 (/opt/ros/foxy/share/rosidl_adapter/cmake)
-- Using all available rosidl_typesupport_cpp: rosidl_typesupport_fastrtps_cpp;rosidl_typesupport_introspection_cpp
-- Found rmw_implementation_cmake: 1.0.4 (/opt/ros/foxy/share/rmw_implementation_cmake/cmake)
-- Using RMW implementation 'rmw_fastrtps_cpp' as default
-- Found sensor_msgs: 2.0.5 (/opt/ros/foxy/share/sensor_msgs/cmake)
-- Found slam_toolbox: 2.4.1 (/opt/ros/foxy/share/slam_toolbox/cmake)
-- Found eigen3_cmake_module: 0.1.1 (/opt/ros/foxy/share/eigen3_cmake_module/cmake)
-- Setting OGRE_DIR to: '/opt/ros/foxy/share/rviz_ogre_vendor/cmake/../../../opt/rviz_ogre_vendor/lib/OGRE/cmake'
-- Found OGRE
--   static     : OFF
--   components : HLMS;MeshLodGenerator;Overlay;Paging;Property;RTShaderSystem;Terrain;Volume
--   plugins    : Plugin_BSPSceneManager;Plugin_OctreeSceneManager;Plugin_PCZSceneManager;Plugin_ParticleFX;RenderSystem_GL;RenderSystem_GL3Plus;Codec_STBI
--   media      : /opt/ros/foxy/opt/rviz_ogre_vendor/share/OGRE/Media
-- OGRE_LIBRARIES: OgreHLMS;OgreMeshLodGenerator;OgreOverlay;OgrePaging;OgreProperty;OgreRTShaderSystem;OgreTerrain;OgreVolume;OgreMain
-- OGRE_LIBRARY_DIRS: /opt/ros/foxy/opt/rviz_ogre_vendor/lib
-- OGRE_PLUGINS: Plugin_BSPSceneManager;Plugin_OctreeSceneManager;Plugin_PCZSceneManager;Plugin_ParticleFX;RenderSystem_GL;RenderSystem_GL3Plus;Codec_STBI
-- OGRE_PLUGIN_DIR: /opt/ros/foxy/opt/rviz_ogre_vendor/lib/OGRE
-- rviz_ogre_vendor::OgreOverlay for IMPORTED_LOCATION_RELEASE: /opt/ros/foxy/opt/rviz_ogre_vendor/lib/libOgreOverlay.so
-- rviz_ogre_vendor::OgreOverlay for IMPORTED_LOCATION_DEBUG: /opt/ros/foxy/opt/rviz_ogre_vendor/lib/libOgreOverlay.so
-- rviz_ogre_vendor::OgreMain for IMPORTED_LOCATION_RELEASE: /opt/ros/foxy/opt/rviz_ogre_vendor/lib/libOgreMain.so
-- rviz_ogre_vendor::OgreMain for IMPORTED_LOCATION_DEBUG: /opt/ros/foxy/opt/rviz_ogre_vendor/lib/libOgreMain.so
-- Could not find freeimage library
-- rviz_ogre_vendor::RenderSystem_GL for IMPORTED_LOCATION_RELEASE: _render_system_gl_static_library_abs-NOTFOUND
-- rviz_ogre_vendor::RenderSystem_GL for IMPORTED_LOCATION_DEBUG: _render_system_gl_static_library_abs-NOTFOUND
-- library: libassimp.so.5
-- library: /usr/lib/x86_64-linux-gnu/libcurl.so
-- Setting yaml-cpp_DIR to: '/opt/ros/foxy/share/yaml_cpp_vendor/cmake/../../../opt/yaml_cpp_vendor/lib/cmake/yaml-cpp'
-- Found robot_localization: 3.1.2 (/opt/ros/foxy/share/robot_localization/cmake)
-- Found ament_lint_auto: 0.9.8 (/opt/ros/foxy/share/ament_lint_auto/cmake)
-- Added test 'copyright' to check source files copyright and LICENSE
-- Added test 'cppcheck' to perform static code analysis on C / C++ code
-- Configured cppcheck include dirs: $<BUILD_INTERFACE:/home/autodrive_devkit/ros2_ws/src/autodrive_iros_2024/include>
-- Configured cppcheck exclude dirs and/or files: 
-- Added test 'cpplint' to check C / C++ code against the Google style
-- Configured cpplint exclude dirs and/or files: 
-- Added test 'flake8' to check Python code syntax and style conventions
-- Added test 'lint_cmake' to check CMake code style
-- Added test 'pep257' to check Python code against some of the style conventions in PEP 257
-- Added test 'uncrustify' to check C / C++ code style
-- Configured uncrustify additional arguments: 
-- Added test 'xmllint' to check XML markup files
-- Configuring done
-- Generating done
-- Build files have been written to: /home/autodrive_devkit/ros2_ws/src/autodrive_iros_2024/build/autodrive_iros_2024
[ 50%] [32m[1mLinking CXX executable hello[0m
[100%] Built target hello
-- Install configuration: ""
-- Installing: /home/autodrive_devkit/ros2_ws/src/autodrive_iros_2024/install/autodrive_iros_2024/lib/autodrive_iros_2024/hello
-- Set runtime path of "/home/autodrive_devkit/ros2_ws/src/autodrive_iros_2024/install/autodrive_iros_2024/lib/autodrive_iros_2024/hello" to ""
-- Installing: /home/autodrive_devkit/ros2_ws/src/autodrive_iros_2024/install/autodrive_iros_2024/share/autodrive_iros_2024/launch
-- Installing: /home/autodrive_devkit/ros2_ws/src/autodrive_iros_2024/install/autodrive_iros_2024/share/autodrive_iros_2024/launch/test_bed.py
-- Installing: /home/autodrive_devkit/ros2_ws/src/autodrive_iros_2024/install/autodrive_iros_2024/share/ament_index/resource_index/package_run_dependencies/autodrive_iros_2024
-- Up-to-date: /home/autodrive_devkit/ros2_ws/src/autodrive_iros_2024/install/autodrive_iros_2024/share/ament_index/resource_index/parent_prefix_path/autodrive_iros_2024
-- Up-to-date: /home/autodrive_devkit/ros2_ws/src/autodrive_iros_2024/install/autodrive_iros_2024/share/autodrive_iros_2024/environment/ament_prefix_path.sh
-- Installing: /home/autodrive_devkit/ros2_ws/src/autodrive_iros_2024/install/autodrive_iros_2024/share/autodrive_iros_2024/environment/ament_prefix_path.dsv
-- Up-to-date: /home/autodrive_devkit/ros2_ws/src/autodrive_iros_2024/install/autodrive_iros_2024/share/autodrive_iros_2024/environment/path.sh
-- Installing: /home/autodrive_devkit/ros2_ws/src/autodrive_iros_2024/install/autodrive_iros_2024/share/autodrive_iros_2024/environment/path.dsv
-- Up-to-date: /home/autodrive_devkit/ros2_ws/src/autodrive_iros_2024/install/autodrive_iros_2024/share/autodrive_iros_2024/local_setup.bash
-- Up-to-date: /home/autodrive_devkit/ros2_ws/src/autodrive_iros_2024/install/autodrive_iros_2024/share/autodrive_iros_2024/local_setup.sh
-- Up-to-date: /home/autodrive_devkit/ros2_ws/src/autodrive_iros_2024/install/autodrive_iros_2024/share/autodrive_iros_2024/local_setup.zsh
-- Installing: /home/autodrive_devkit/ros2_ws/src/autodrive_iros_2024/install/autodrive_iros_2024/share/autodrive_iros_2024/local_setup.dsv
-- Installing: /home/autodrive_devkit/ros2_ws/src/autodrive_iros_2024/install/autodrive_iros_2024/share/autodrive_iros_2024/package.dsv
-- Up-to-date: /home/autodrive_devkit/ros2_ws/src/autodrive_iros_2024/install/autodrive_iros_2024/share/ament_index/resource_index/packages/autodrive_iros_2024
-- Up-to-date: /home/autodrive_devkit/ros2_ws/src/autodrive_iros_2024/install/autodrive_iros_2024/share/autodrive_iros_2024/cmake/autodrive_iros_2024Config.cmake
-- Up-to-date: /home/autodrive_devkit/ros2_ws/src/autodrive_iros_2024/install/autodrive_iros_2024/share/autodrive_iros_2024/cmake/autodrive_iros_2024Config-version.cmake
-- Installing: /home/autodrive_devkit/ros2_ws/src/autodrive_iros_2024/install/autodrive_iros_2024/share/autodrive_iros_2024/package.xml
