[0.311s] DEBUG:colcon:Command line arguments: ['/usr/bin/colcon', 'build']
[0.312s] DEBUG:colcon:Parsed command line arguments: Namespace(ament_cmake_args=None, base_paths=['.'], build_base='build', catkin_cmake_args=None, catkin_skip_building_tests=False, cmake_args=None, cmake_clean_cache=False, cmake_clean_first=False, cmake_force_configure=False, cmake_target=None, cmake_target_skip_unavailable=False, continue_on_error=False, event_handlers=None, executor='parallel', ignore_user_meta=False, install_base='install', log_base=None, log_level=None, main=<bound method BuildVerb.main of <colcon_core.verb.build.BuildVerb object at 0x772ec13423a0>>, merge_install=False, metas=['./colcon.meta'], mixin=None, mixin_files=None, mixin_verb=('build',), packages_above=None, packages_above_and_dependencies=None, packages_above_depth=None, packages_end=None, packages_ignore=None, packages_ignore_regex=None, packages_select=None, packages_select_build_failed=False, packages_select_by_dep=None, packages_select_regex=None, packages_select_test_failures=False, packages_skip=None, packages_skip_build_finished=False, packages_skip_by_dep=None, packages_skip_regex=None, packages_skip_test_passed=False, packages_skip_up_to=None, packages_start=None, packages_up_to=None, packages_up_to_regex=None, parallel_workers=20, paths=None, symlink_install=False, test_result_base=None, verb_extension=<colcon_core.verb.build.BuildVerb object at 0x772ec13423a0>, verb_name='build', verb_parser=<colcon_mixin.mixin.mixin_argument.MixinArgumentDecorator object at 0x772ec1342a00>)
[0.343s] Level 1:colcon.colcon_core.package_discovery:discover_packages(colcon_meta) check parameters
[0.344s] INFO:colcon.colcon_metadata.package_discovery.colcon_meta:Using configuration from '/root/.colcon/metadata/default/Gazebo.meta'
[0.345s] INFO:colcon.colcon_metadata.package_discovery.colcon_meta:Using configuration from '/root/.colcon/metadata/default/fastrtps.meta'
[0.345s] Level 1:colcon.colcon_core.package_discovery:discover_packages(recursive) check parameters
[0.345s] Level 1:colcon.colcon_core.package_discovery:discover_packages(ignore) check parameters
[0.345s] Level 1:colcon.colcon_core.package_discovery:discover_packages(path) check parameters
[0.345s] Level 1:colcon.colcon_core.package_discovery:discover_packages(colcon_meta) discover
[0.345s] Level 1:colcon.colcon_core.package_discovery:discover_packages(recursive) discover
[0.345s] INFO:colcon.colcon_core.package_discovery:Crawling recursively for packages in '/home/autodrive_devkit/ros2_ws/src/autodrive_iros_2024'
[0.345s] Level 1:colcon.colcon_core.package_identification:_identify(.) by extensions ['ignore', 'ignore_ament_install']
[0.345s] Level 1:colcon.colcon_core.package_identification:_identify(.) by extension 'ignore'
[0.345s] Level 1:colcon.colcon_core.package_identification:_identify(.) by extension 'ignore_ament_install'
[0.345s] Level 1:colcon.colcon_core.package_identification:_identify(.) by extensions ['colcon_pkg']
[0.345s] Level 1:colcon.colcon_core.package_identification:_identify(.) by extension 'colcon_pkg'
[0.345s] Level 1:colcon.colcon_core.package_identification:_identify(.) by extensions ['colcon_meta']
[0.345s] Level 1:colcon.colcon_core.package_identification:_identify(.) by extension 'colcon_meta'
[0.345s] Level 1:colcon.colcon_core.package_identification:_identify(.) by extensions ['ros']
[0.345s] Level 1:colcon.colcon_core.package_identification:_identify(.) by extension 'ros'
[0.371s] DEBUG:colcon.colcon_core.package_identification:Package '.' with type 'ros.ament_cmake' and name 'autodrive_iros_2024'
[0.371s] Level 1:colcon.colcon_core.package_discovery:discover_packages(recursive) using defaults
[0.371s] Level 1:colcon.colcon_core.package_discovery:discover_packages(ignore) discover
[0.371s] Level 1:colcon.colcon_core.package_discovery:discover_packages(ignore) using defaults
[0.371s] Level 1:colcon.colcon_core.package_discovery:discover_packages(path) discover
[0.372s] Level 1:colcon.colcon_core.package_discovery:discover_packages(path) using defaults
[0.393s] Level 5:colcon.colcon_core.verb:set package 'autodrive_iros_2024' build argument 'cmake_args' from command line to 'None'
[0.394s] Level 5:colcon.colcon_core.verb:set package 'autodrive_iros_2024' build argument 'cmake_target' from command line to 'None'
[0.394s] Level 5:colcon.colcon_core.verb:set package 'autodrive_iros_2024' build argument 'cmake_target_skip_unavailable' from command line to 'False'
[0.394s] Level 5:colcon.colcon_core.verb:set package 'autodrive_iros_2024' build argument 'cmake_clean_cache' from command line to 'False'
[0.394s] Level 5:colcon.colcon_core.verb:set package 'autodrive_iros_2024' build argument 'cmake_clean_first' from command line to 'False'
[0.394s] Level 5:colcon.colcon_core.verb:set package 'autodrive_iros_2024' build argument 'cmake_force_configure' from command line to 'False'
[0.394s] Level 5:colcon.colcon_core.verb:set package 'autodrive_iros_2024' build argument 'ament_cmake_args' from command line to 'None'
[0.394s] Level 5:colcon.colcon_core.verb:set package 'autodrive_iros_2024' build argument 'catkin_cmake_args' from command line to 'None'
[0.394s] Level 5:colcon.colcon_core.verb:set package 'autodrive_iros_2024' build argument 'catkin_skip_building_tests' from command line to 'False'
[0.394s] DEBUG:colcon.colcon_core.verb:Building package 'autodrive_iros_2024' with the following arguments: {'ament_cmake_args': None, 'build_base': '/home/autodrive_devkit/ros2_ws/src/autodrive_iros_2024/build/autodrive_iros_2024', 'catkin_cmake_args': None, 'catkin_skip_building_tests': False, 'cmake_args': None, 'cmake_clean_cache': False, 'cmake_clean_first': False, 'cmake_force_configure': False, 'cmake_target': None, 'cmake_target_skip_unavailable': False, 'install_base': '/home/autodrive_devkit/ros2_ws/src/autodrive_iros_2024/install/autodrive_iros_2024', 'merge_install': False, 'path': '/home/autodrive_devkit/ros2_ws/src/autodrive_iros_2024', 'symlink_install': False, 'test_result_base': None}
[0.394s] INFO:colcon.colcon_core.executor:Executing jobs using 'parallel' executor
[0.398s] DEBUG:colcon.colcon_parallel_executor.executor.parallel:run_until_complete
[0.399s] INFO:colcon.colcon_ros.task.ament_cmake.build:Building ROS package in '/home/autodrive_devkit/ros2_ws/src/autodrive_iros_2024' with build type 'ament_cmake'
[0.399s] INFO:colcon.colcon_cmake.task.cmake.build:Building CMake package in '/home/autodrive_devkit/ros2_ws/src/autodrive_iros_2024'
[0.406s] INFO:colcon.colcon_core.plugin_system:Skipping extension 'colcon_core.shell.bat': Not used on non-Windows systems
[0.406s] INFO:colcon.colcon_core.shell:Skip shell extension 'powershell' for command environment: Not usable outside of PowerShell
[0.406s] DEBUG:colcon.colcon_core.shell:Skip shell extension 'dsv' for command environment
[0.426s] DEBUG:colcon.colcon_core.event_handler.log_command:Invoking command in '/home/autodrive_devkit/ros2_ws/src/autodrive_iros_2024/build/autodrive_iros_2024': CMAKE_PREFIX_PATH=/home/autodrive_devkit/ros2_ws/install/autodrive_f1tenth:/opt/ros/foxy /usr/bin/cmake /home/autodrive_devkit/ros2_ws/src/autodrive_iros_2024 -DCMAKE_INSTALL_PREFIX=/home/autodrive_devkit/ros2_ws/src/autodrive_iros_2024/install/autodrive_iros_2024
[2.899s] DEBUG:colcon.colcon_core.event_handler.log_command:Invoked command in '/home/autodrive_devkit/ros2_ws/src/autodrive_iros_2024/build/autodrive_iros_2024' returned '1': CMAKE_PREFIX_PATH=/home/autodrive_devkit/ros2_ws/install/autodrive_f1tenth:/opt/ros/foxy /usr/bin/cmake /home/autodrive_devkit/ros2_ws/src/autodrive_iros_2024 -DCMAKE_INSTALL_PREFIX=/home/autodrive_devkit/ros2_ws/src/autodrive_iros_2024/install/autodrive_iros_2024
[2.920s] Level 1:colcon.colcon_core.environment:create_environment_scripts_only(autodrive_iros_2024)
[2.926s] Level 1:colcon.colcon_core.environment:checking '/home/autodrive_devkit/ros2_ws/src/autodrive_iros_2024/install/autodrive_iros_2024' for CMake module files
[2.926s] Level 1:colcon.colcon_core.environment:checking '/home/autodrive_devkit/ros2_ws/src/autodrive_iros_2024/install/autodrive_iros_2024' for CMake config files
[2.927s] Level 1:colcon.colcon_core.environment:checking '/home/autodrive_devkit/ros2_ws/src/autodrive_iros_2024/install/autodrive_iros_2024/bin'
[2.927s] Level 1:colcon.colcon_core.environment:checking '/home/autodrive_devkit/ros2_ws/src/autodrive_iros_2024/install/autodrive_iros_2024/lib/pkgconfig/autodrive_iros_2024.pc'
[2.928s] Level 1:colcon.colcon_core.environment:checking '/home/autodrive_devkit/ros2_ws/src/autodrive_iros_2024/install/autodrive_iros_2024/lib/python3.8/site-packages'
[2.928s] Level 1:colcon.colcon_core.environment:checking '/home/autodrive_devkit/ros2_ws/src/autodrive_iros_2024/install/autodrive_iros_2024/bin'
[2.929s] INFO:colcon.colcon_core.shell:Creating package script '/home/autodrive_devkit/ros2_ws/src/autodrive_iros_2024/install/autodrive_iros_2024/share/autodrive_iros_2024/package.ps1'
[2.930s] INFO:colcon.colcon_core.shell:Creating package descriptor '/home/autodrive_devkit/ros2_ws/src/autodrive_iros_2024/install/autodrive_iros_2024/share/autodrive_iros_2024/package.dsv'
[2.931s] INFO:colcon.colcon_core.shell:Creating package script '/home/autodrive_devkit/ros2_ws/src/autodrive_iros_2024/install/autodrive_iros_2024/share/autodrive_iros_2024/package.sh'
[2.931s] INFO:colcon.colcon_core.shell:Creating package script '/home/autodrive_devkit/ros2_ws/src/autodrive_iros_2024/install/autodrive_iros_2024/share/autodrive_iros_2024/package.bash'
[2.932s] INFO:colcon.colcon_core.shell:Creating package script '/home/autodrive_devkit/ros2_ws/src/autodrive_iros_2024/install/autodrive_iros_2024/share/autodrive_iros_2024/package.zsh'
[2.932s] Level 1:colcon.colcon_core.environment:create_file_with_runtime_dependencies(/home/autodrive_devkit/ros2_ws/src/autodrive_iros_2024/install/autodrive_iros_2024/share/colcon-core/packages/autodrive_iros_2024)
[2.943s] DEBUG:colcon.colcon_parallel_executor.executor.parallel:closing loop
[2.943s] DEBUG:colcon.colcon_parallel_executor.executor.parallel:loop closed
[2.943s] DEBUG:colcon.colcon_parallel_executor.executor.parallel:run_until_complete finished with '1'
[2.943s] DEBUG:colcon.colcon_core.event_reactor:joining thread
[2.949s] INFO:colcon.colcon_core.plugin_system:Skipping extension 'colcon_notification.desktop_notification.notify_send': Could not find 'notify-send'
[2.949s] INFO:colcon.colcon_core.plugin_system:Skipping extension 'colcon_notification.desktop_notification.terminal_notifier': Not used on non-Darwin systems
[2.949s] INFO:colcon.colcon_core.plugin_system:Skipping extension 'colcon_notification.desktop_notification.win32': Not used on non-Windows systems
[2.949s] INFO:colcon.colcon_notification.desktop_notification:Sending desktop notification using 'notify2'
[2.953s] DEBUG:colcon.colcon_notification.desktop_notification.notify2:Failed to initialize notify2: org.freedesktop.DBus.Error.Spawn.ExecFailed: /usr/bin/dbus-launch terminated abnormally without any error message
[2.953s] DEBUG:colcon.colcon_core.event_reactor:joined thread
[2.956s] INFO:colcon.colcon_core.shell:Creating prefix script '/home/autodrive_devkit/ros2_ws/src/autodrive_iros_2024/install/local_setup.ps1'
[2.959s] INFO:colcon.colcon_core.shell:Creating prefix util module '/home/autodrive_devkit/ros2_ws/src/autodrive_iros_2024/install/_local_setup_util_ps1.py'
[2.962s] INFO:colcon.colcon_core.shell:Creating prefix chain script '/home/autodrive_devkit/ros2_ws/src/autodrive_iros_2024/install/setup.ps1'
[2.967s] INFO:colcon.colcon_core.shell:Creating prefix script '/home/autodrive_devkit/ros2_ws/src/autodrive_iros_2024/install/local_setup.sh'
[2.969s] INFO:colcon.colcon_core.shell:Creating prefix util module '/home/autodrive_devkit/ros2_ws/src/autodrive_iros_2024/install/_local_setup_util_sh.py'
[2.970s] INFO:colcon.colcon_core.shell:Creating prefix chain script '/home/autodrive_devkit/ros2_ws/src/autodrive_iros_2024/install/setup.sh'
[2.975s] INFO:colcon.colcon_core.shell:Creating prefix script '/home/autodrive_devkit/ros2_ws/src/autodrive_iros_2024/install/local_setup.bash'
[2.976s] INFO:colcon.colcon_core.shell:Creating prefix chain script '/home/autodrive_devkit/ros2_ws/src/autodrive_iros_2024/install/setup.bash'
[2.980s] INFO:colcon.colcon_core.shell:Creating prefix script '/home/autodrive_devkit/ros2_ws/src/autodrive_iros_2024/install/local_setup.zsh'
[2.981s] INFO:colcon.colcon_core.shell:Creating prefix chain script '/home/autodrive_devkit/ros2_ws/src/autodrive_iros_2024/install/setup.zsh'
